<?xml version="1.0" encoding="utf-8"?>
<feed xmlns="http://www.w3.org/2005/Atom"><title>goodtiding5 - Test page</title><link href="https://goodtiding5.github.io/" rel="alternate"></link><link href="https://goodtiding5.github.io/feeds/test-page.atom.xml" rel="self"></link><id>https://goodtiding5.github.io/</id><updated>2018-07-28T17:30:00-07:00</updated><entry><title>Space from earth</title><link href="https://goodtiding5.github.io/space-from-earth.html" rel="alternate"></link><published>2018-07-28T17:30:00-07:00</published><updated>2018-07-28T17:30:00-07:00</updated><author><name>Kenneh Zhao</name></author><id>tag:goodtiding5.github.io,2018-07-28:/space-from-earth.html</id><summary type="html">&lt;p&gt;Beautiful video from the ISS&lt;/p&gt;</summary><content type="html">&lt;p&gt;I have came across this live stream from &lt;a href="https://www.youtube.com"&gt;youtube&lt;/a&gt;.  It is just magnificent!&lt;/p&gt;
&lt;p&gt;&lt;span class="videobox"&gt;
                &lt;iframe width="480" height="360"
                    src='https://www.youtube.com/embed/qyEzsAy4qeU'
                    frameborder='0' webkitAllowFullScreen mozallowfullscreen
                    allowFullScreen&gt;
                &lt;/iframe&gt;
            &lt;/span&gt;&lt;/p&gt;
&lt;blockquote&gt;
&lt;p&gt;How great are Your works, O LORD! Your thoughts are very deep. (Psalm 92.5 NASB)&lt;/p&gt;
&lt;/blockquote&gt;</content><category term="blog"></category><category term="space"></category><category term="youtube"></category></entry><entry><title>Hello World</title><link href="https://goodtiding5.github.io/hello-world.html" rel="alternate"></link><published>2018-07-28T13:40:00-07:00</published><updated>2018-07-28T13:40:00-07:00</updated><author><name>Kenneh Zhao</name></author><id>tag:goodtiding5.github.io,2018-07-28:/hello-world.html</id><summary type="html">&lt;p&gt;This is the summary of the hello world page&lt;/p&gt;</summary><content type="html">&lt;p&gt;Hello, World!&lt;/p&gt;</content><category term="blog"></category><category term="greeting"></category></entry></feed>